2024.11.17 22:15:09 INFO  Started: Metals version 1.4.1 in folders 'C:\Users\user\OneDrive\πŸ≈¡ »≠∏È\scala' for client Visual Studio Code 1.95.3.
2024.11.17 22:15:09 INFO  time: initialize in 0.12s
2024.11.17 22:15:12 WARN  Flyway upgrade recommended: H2 2.3.232 is newer than this version of Flyway and support has not been tested. The latest supported version of H2 is 2.2.224.
2024.11.17 22:15:13 INFO  no build target found for C:\Users\user\OneDrive\πŸ≈¡ »≠∏È\scala\magnet\src\main\scala\kuplrg\Implementation.scala. Using presentation compiler with project's scala-library version: 3.3.4
11ø˘ 17, 2024 10:15:23 ø¿»ƒ org.eclipse.lsp4j.jsonrpc.RemoteEndpoint handleCancellation
∞Ê∞Ì: Unmatched cancel notification for request id 1
2024.11.17 22:15:23 INFO  no build target found for C:\Users\user\OneDrive\πŸ≈¡ »≠∏È\scala\magnet\src\main\scala\kuplrg\Implementation.scala. Using presentation compiler with project's scala-library version: 3.3.4
2024.11.17 22:15:59 INFO  no build target found for C:\Users\user\OneDrive\πŸ≈¡ »≠∏È\scala\magnet\src\main\scala\kuplrg\Implementation.scala. Using presentation compiler with project's scala-library version: 3.3.4
2024.11.17 22:16:00 INFO  no build target found for C:\Users\user\OneDrive\πŸ≈¡ »≠∏È\scala\magnet\src\main\scala\kuplrg\Implementation.scala. Using presentation compiler with project's scala-library version: 3.3.4
2024.11.17 22:16:01 INFO  no build target found for C:\Users\user\OneDrive\πŸ≈¡ »≠∏È\scala\magnet\src\main\scala\kuplrg\Implementation.scala. Using presentation compiler with project's scala-library version: 3.3.4
2024.11.17 22:16:02 INFO  no build target found for C:\Users\user\OneDrive\πŸ≈¡ »≠∏È\scala\magnet\src\main\scala\kuplrg\MAGNET.scala. Using presentation compiler with project's scala-library version: 3.3.4
2024.11.17 22:16:04 INFO  no build target found for C:\Users\user\OneDrive\πŸ≈¡ »≠∏È\scala\magnet\src\main\scala\kuplrg\MAGNET.scala. Using presentation compiler with project's scala-library version: 3.3.4
2024.11.17 22:16:04 INFO  no build target found for C:\Users\user\OneDrive\πŸ≈¡ »≠∏È\scala\magnet\src\main\scala\kuplrg\MAGNET.scala. Using presentation compiler with project's scala-library version: 3.3.4
11ø˘ 17, 2024 10:16:06 ø¿»ƒ org.eclipse.lsp4j.jsonrpc.RemoteEndpoint handleCancellation
∞Ê∞Ì: Unmatched cancel notification for request id 17
2024.11.17 22:16:06 INFO  no build target found for C:\Users\user\OneDrive\πŸ≈¡ »≠∏È\scala\magnet\src\main\scala\kuplrg\MAGNET.scala. Using presentation compiler with project's scala-library version: 3.3.4
2024.11.17 22:16:06 INFO  no build target found for C:\Users\user\OneDrive\πŸ≈¡ »≠∏È\scala\magnet\src\main\scala\kuplrg\Implementation.scala. Using presentation compiler with project's scala-library version: 3.3.4
2024.11.17 22:16:07 INFO  no build target found for C:\Users\user\OneDrive\πŸ≈¡ »≠∏È\scala\magnet\src\main\scala\kuplrg\Implementation.scala. Using presentation compiler with project's scala-library version: 3.3.4
2024.11.17 22:16:07 INFO  no build target found for C:\Users\user\OneDrive\πŸ≈¡ »≠∏È\scala\magnet\src\main\scala\kuplrg\Implementation.scala. Using presentation compiler with project's scala-library version: 3.3.4
2024.11.17 22:16:08 INFO  no build target found for C:\Users\user\OneDrive\πŸ≈¡ »≠∏È\scala\magnet\src\main\scala\kuplrg\Implementation.scala. Using presentation compiler with project's scala-library version: 3.3.4
2024.11.17 22:16:08 INFO  no build target found for C:\Users\user\OneDrive\πŸ≈¡ »≠∏È\scala\magnet\src\main\scala\kuplrg\Implementation.scala. Using presentation compiler with project's scala-library version: 3.3.4
2024.11.17 22:16:08 INFO  no build target found for C:\Users\user\OneDrive\πŸ≈¡ »≠∏È\scala\magnet\src\main\scala\kuplrg\Implementation.scala. Using presentation compiler with project's scala-library version: 3.3.4
2024.11.17 22:16:08 INFO  no build target found for C:\Users\user\OneDrive\πŸ≈¡ »≠∏È\scala\magnet\src\main\scala\kuplrg\Implementation.scala. Using presentation compiler with project's scala-library version: 3.3.4
2024.11.17 22:16:12 INFO  no build target found for C:\Users\user\OneDrive\πŸ≈¡ »≠∏È\scala\magnet\src\main\scala\kuplrg\Implementation.scala. Using presentation compiler with project's scala-library version: 3.3.4
2024.11.17 22:16:12 INFO  no build target found for C:\Users\user\OneDrive\πŸ≈¡ »≠∏È\scala\magnet\src\main\scala\kuplrg\Implementation.scala. Using presentation compiler with project's scala-library version: 3.3.4
11ø˘ 17, 2024 10:16:13 ø¿»ƒ org.eclipse.lsp4j.jsonrpc.RemoteEndpoint handleCancellation
∞Ê∞Ì: Unmatched cancel notification for request id 41
2024.11.17 22:16:12 INFO  no build target found for C:\Users\user\OneDrive\πŸ≈¡ »≠∏È\scala\magnet\src\main\scala\kuplrg\Implementation.scala. Using presentation compiler with project's scala-library version: 3.3.4
2024.11.17 22:16:13 INFO  no build target found for C:\Users\user\OneDrive\πŸ≈¡ »≠∏È\scala\magnet\src\main\scala\kuplrg\Implementation.scala. Using presentation compiler with project's scala-library version: 3.3.4
2024.11.17 22:16:14 INFO  no build target found for C:\Users\user\OneDrive\πŸ≈¡ »≠∏È\scala\magnet\src\main\scala\kuplrg\Implementation.scala. Using presentation compiler with project's scala-library version: 3.3.4
2024.11.17 22:16:15 INFO  no build target found for C:\Users\user\OneDrive\πŸ≈¡ »≠∏È\scala\magnet\src\main\scala\kuplrg\Implementation.scala. Using presentation compiler with project's scala-library version: 3.3.4
2024.11.17 22:16:15 INFO  no build target found for C:\Users\user\OneDrive\πŸ≈¡ »≠∏È\scala\magnet\src\main\scala\kuplrg\Implementation.scala. Using presentation compiler with project's scala-library version: 3.3.4
2024.11.17 22:16:18 INFO  no build target found for C:\Users\user\OneDrive\πŸ≈¡ »≠∏È\scala\magnet\src\main\scala\kuplrg\Implementation.scala. Using presentation compiler with project's scala-library version: 3.3.4
2024.11.17 22:16:18 INFO  no build target found for C:\Users\user\OneDrive\πŸ≈¡ »≠∏È\scala\magnet\src\main\scala\kuplrg\Implementation.scala. Using presentation compiler with project's scala-library version: 3.3.4
11ø˘ 17, 2024 10:16:19 ø¿»ƒ org.eclipse.lsp4j.jsonrpc.RemoteEndpoint handleCancellation
∞Ê∞Ì: Unmatched cancel notification for request id 61
2024.11.17 22:16:18 INFO  no build target found for C:\Users\user\OneDrive\πŸ≈¡ »≠∏È\scala\magnet\src\main\scala\kuplrg\Implementation.scala. Using presentation compiler with project's scala-library version: 3.3.4
2024.11.17 22:16:19 INFO  no build target found for C:\Users\user\OneDrive\πŸ≈¡ »≠∏È\scala\magnet\src\main\scala\kuplrg\Implementation.scala. Using presentation compiler with project's scala-library version: 3.3.4
2024.11.17 22:16:19 INFO  no build target found for C:\Users\user\OneDrive\πŸ≈¡ »≠∏È\scala\magnet\src\main\scala\kuplrg\Implementation.scala. Using presentation compiler with project's scala-library version: 3.3.4
2024.11.17 22:16:23 INFO  no build target found for C:\Users\user\OneDrive\πŸ≈¡ »≠∏È\scala\magnet\src\main\scala\kuplrg\Implementation.scala. Using presentation compiler with project's scala-library version: 3.3.4
2024.11.17 22:16:23 INFO  no build target found for C:\Users\user\OneDrive\πŸ≈¡ »≠∏È\scala\magnet\src\main\scala\kuplrg\Implementation.scala. Using presentation compiler with project's scala-library version: 3.3.4
2024.11.17 22:16:23 INFO  no build target found for C:\Users\user\OneDrive\πŸ≈¡ »≠∏È\scala\magnet\src\main\scala\kuplrg\Implementation.scala. Using presentation compiler with project's scala-library version: 3.3.4
2024.11.17 22:16:24 INFO  no build target found for C:\Users\user\OneDrive\πŸ≈¡ »≠∏È\scala\magnet\src\main\scala\kuplrg\Implementation.scala. Using presentation compiler with project's scala-library version: 3.3.4
11ø˘ 17, 2024 10:16:24 ø¿»ƒ org.eclipse.lsp4j.jsonrpc.RemoteEndpoint handleCancellation
∞Ê∞Ì: Unmatched cancel notification for request id 83
11ø˘ 17, 2024 10:16:24 ø¿»ƒ org.eclipse.lsp4j.jsonrpc.RemoteEndpoint handleCancellation
∞Ê∞Ì: Unmatched cancel notification for request id 84
2024.11.17 22:16:24 INFO  no build target found for C:\Users\user\OneDrive\πŸ≈¡ »≠∏È\scala\magnet\src\main\scala\kuplrg\Implementation.scala. Using presentation compiler with project's scala-library version: 3.3.4
2024.11.17 22:16:24 INFO  no build target found for C:\Users\user\OneDrive\πŸ≈¡ »≠∏È\scala\magnet\src\main\scala\kuplrg\Implementation.scala. Using presentation compiler with project's scala-library version: 3.3.4
2024.11.17 22:16:25 INFO  no build target found for C:\Users\user\OneDrive\πŸ≈¡ »≠∏È\scala\magnet\src\main\scala\kuplrg\Implementation.scala. Using presentation compiler with project's scala-library version: 3.3.4
11ø˘ 17, 2024 10:16:25 ø¿»ƒ org.eclipse.lsp4j.jsonrpc.RemoteEndpoint handleCancellation
∞Ê∞Ì: Unmatched cancel notification for request id 91
2024.11.17 22:16:25 INFO  no build target found for C:\Users\user\OneDrive\πŸ≈¡ »≠∏È\scala\magnet\src\main\scala\kuplrg\Implementation.scala. Using presentation compiler with project's scala-library version: 3.3.4
2024.11.17 22:16:25 INFO  no build target found for C:\Users\user\OneDrive\πŸ≈¡ »≠∏È\scala\magnet\src\main\scala\kuplrg\Implementation.scala. Using presentation compiler with project's scala-library version: 3.3.4
2024.11.17 22:16:25 INFO  no build target found for C:\Users\user\OneDrive\πŸ≈¡ »≠∏È\scala\magnet\src\main\scala\kuplrg\Implementation.scala. Using presentation compiler with project's scala-library version: 3.3.4
2024.11.17 22:16:25 INFO  no build target found for C:\Users\user\OneDrive\πŸ≈¡ »≠∏È\scala\magnet\src\main\scala\kuplrg\Implementation.scala. Using presentation compiler with project's scala-library version: 3.3.4
11ø˘ 17, 2024 10:16:26 ø¿»ƒ org.eclipse.lsp4j.jsonrpc.RemoteEndpoint handleCancellation
∞Ê∞Ì: Unmatched cancel notification for request id 105
2024.11.17 22:16:27 INFO  no build target found for C:\Users\user\OneDrive\πŸ≈¡ »≠∏È\scala\magnet\src\main\scala\kuplrg\Implementation.scala. Using presentation compiler with project's scala-library version: 3.3.4
2024.11.17 22:16:28 INFO  no build target found for C:\Users\user\OneDrive\πŸ≈¡ »≠∏È\scala\magnet\src\main\scala\kuplrg\Implementation.scala. Using presentation compiler with project's scala-library version: 3.3.4
2024.11.17 22:16:28 INFO  no build target found for C:\Users\user\OneDrive\πŸ≈¡ »≠∏È\scala\magnet\src\main\scala\kuplrg\Implementation.scala. Using presentation compiler with project's scala-library version: 3.3.4
2024.11.17 22:16:29 INFO  no build target found for C:\Users\user\OneDrive\πŸ≈¡ »≠∏È\scala\magnet\src\main\scala\kuplrg\Implementation.scala. Using presentation compiler with project's scala-library version: 3.3.4
2024.11.17 22:16:29 INFO  no build target found for C:\Users\user\OneDrive\πŸ≈¡ »≠∏È\scala\magnet\src\main\scala\kuplrg\Implementation.scala. Using presentation compiler with project's scala-library version: 3.3.4
2024.11.17 22:16:29 INFO  no build target found for C:\Users\user\OneDrive\πŸ≈¡ »≠∏È\scala\magnet\src\main\scala\kuplrg\Implementation.scala. Using presentation compiler with project's scala-library version: 3.3.4
11ø˘ 17, 2024 10:16:30 ø¿»ƒ org.eclipse.lsp4j.jsonrpc.RemoteEndpoint handleCancellation
∞Ê∞Ì: Unmatched cancel notification for request id 122
2024.11.17 22:16:29 INFO  no build target found for C:\Users\user\OneDrive\πŸ≈¡ »≠∏È\scala\magnet\src\main\scala\kuplrg\Implementation.scala. Using presentation compiler with project's scala-library version: 3.3.4
2024.11.17 22:16:29 INFO  no build target found for C:\Users\user\OneDrive\πŸ≈¡ »≠∏È\scala\magnet\src\main\scala\kuplrg\Implementation.scala. Using presentation compiler with project's scala-library version: 3.3.4
2024.11.17 22:16:31 INFO  no build target found for C:\Users\user\OneDrive\πŸ≈¡ »≠∏È\scala\magnet\src\main\scala\kuplrg\Implementation.scala. Using presentation compiler with project's scala-library version: 3.3.4
2024.11.17 22:16:31 INFO  no build target found for C:\Users\user\OneDrive\πŸ≈¡ »≠∏È\scala\magnet\src\main\scala\kuplrg\Implementation.scala. Using presentation compiler with project's scala-library version: 3.3.4
11ø˘ 17, 2024 10:16:32 ø¿»ƒ org.eclipse.lsp4j.jsonrpc.RemoteEndpoint handleCancellation
∞Ê∞Ì: Unmatched cancel notification for request id 133
2024.11.17 22:16:31 INFO  no build target found for C:\Users\user\OneDrive\πŸ≈¡ »≠∏È\scala\magnet\src\main\scala\kuplrg\Implementation.scala. Using presentation compiler with project's scala-library version: 3.3.4
2024.11.17 22:16:31 INFO  no build target found for C:\Users\user\OneDrive\πŸ≈¡ »≠∏È\scala\magnet\src\main\scala\kuplrg\Implementation.scala. Using presentation compiler with project's scala-library version: 3.3.4
2024.11.17 22:16:32 INFO  no build target found for C:\Users\user\OneDrive\πŸ≈¡ »≠∏È\scala\magnet\src\main\scala\kuplrg\Implementation.scala. Using presentation compiler with project's scala-library version: 3.3.4
2024.11.17 22:16:33 INFO  no build target found for C:\Users\user\OneDrive\πŸ≈¡ »≠∏È\scala\magnet\src\main\scala\kuplrg\Implementation.scala. Using presentation compiler with project's scala-library version: 3.3.4
2024.11.17 22:16:36 INFO  no build target found for C:\Users\user\OneDrive\πŸ≈¡ »≠∏È\scala\magnet\src\main\scala\kuplrg\Implementation.scala. Using presentation compiler with project's scala-library version: 3.3.4
2024.11.17 22:16:38 INFO  no build target found for C:\Users\user\OneDrive\πŸ≈¡ »≠∏È\scala\magnet\src\main\scala\kuplrg\Implementation.scala. Using presentation compiler with project's scala-library version: 3.3.4
2024.11.17 22:16:38 INFO  no build target found for C:\Users\user\OneDrive\πŸ≈¡ »≠∏È\scala\magnet\src\main\scala\kuplrg\Implementation.scala. Using presentation compiler with project's scala-library version: 3.3.4
2024.11.17 22:16:40 INFO  no build target found for C:\Users\user\OneDrive\πŸ≈¡ »≠∏È\scala\magnet\src\main\scala\kuplrg\Implementation.scala. Using presentation compiler with project's scala-library version: 3.3.4
2024.11.17 22:16:40 INFO  no build target found for C:\Users\user\OneDrive\πŸ≈¡ »≠∏È\scala\magnet\src\main\scala\kuplrg\Implementation.scala. Using presentation compiler with project's scala-library version: 3.3.4
2024.11.17 22:16:40 INFO  no build target found for C:\Users\user\OneDrive\πŸ≈¡ »≠∏È\scala\magnet\src\main\scala\kuplrg\Implementation.scala. Using presentation compiler with project's scala-library version: 3.3.4
2024.11.17 22:16:40 INFO  no build target found for C:\Users\user\OneDrive\πŸ≈¡ »≠∏È\scala\magnet\src\main\scala\kuplrg\Implementation.scala. Using presentation compiler with project's scala-library version: 3.3.4
11ø˘ 17, 2024 10:16:40 ø¿»ƒ org.eclipse.lsp4j.jsonrpc.RemoteEndpoint handleCancellation
∞Ê∞Ì: Unmatched cancel notification for request id 169
2024.11.17 22:16:44 INFO  no build target found for C:\Users\user\OneDrive\πŸ≈¡ »≠∏È\scala\magnet\src\main\scala\kuplrg\Implementation.scala. Using presentation compiler with project's scala-library version: 3.3.4
2024.11.17 22:16:45 INFO  no build target found for C:\Users\user\OneDrive\πŸ≈¡ »≠∏È\scala\magnet\src\main\scala\kuplrg\Implementation.scala. Using presentation compiler with project's scala-library version: 3.3.4
2024.11.17 22:16:45 INFO  no build target found for C:\Users\user\OneDrive\πŸ≈¡ »≠∏È\scala\magnet\src\main\scala\kuplrg\Implementation.scala. Using presentation compiler with project's scala-library version: 3.3.4
2024.11.17 22:16:45 INFO  no build target found for C:\Users\user\OneDrive\πŸ≈¡ »≠∏È\scala\magnet\src\main\scala\kuplrg\Implementation.scala. Using presentation compiler with project's scala-library version: 3.3.4
2024.11.17 22:16:47 WARN  no build target for: C:\Users\user\OneDrive\πŸ≈¡ »≠∏È\scala\magnet\src\main\scala\kuplrg\Implementation.scala
2024.11.17 22:16:47 INFO  no build target found for C:\Users\user\OneDrive\πŸ≈¡ »≠∏È\scala\magnet\src\main\scala\kuplrg\Implementation.scala. Using presentation compiler with project's scala-library version: 3.3.4
2024.11.17 22:16:47 INFO  no build target found for C:\Users\user\OneDrive\πŸ≈¡ »≠∏È\scala\magnet\src\main\scala\kuplrg\Implementation.scala. Using presentation compiler with project's scala-library version: 3.3.4
11ø˘ 17, 2024 10:16:50 ø¿»ƒ org.eclipse.lsp4j.jsonrpc.services.GenericEndpoint notify
¡§∫∏: Unsupported notification method: $/setTrace
2024.11.17 22:17:14 INFO  no build target found for C:\Users\user\OneDrive\πŸ≈¡ »≠∏È\scala\magnet\src\main\scala\kuplrg\Implementation.scala. Using presentation compiler with project's scala-library version: 3.3.4
2024.11.17 22:17:14 INFO  no build target found for C:\Users\user\OneDrive\πŸ≈¡ »≠∏È\scala\magnet\src\main\scala\kuplrg\Implementation.scala. Using presentation compiler with project's scala-library version: 3.3.4
2024.11.17 22:17:14 INFO  no build target found for C:\Users\user\OneDrive\πŸ≈¡ »≠∏È\scala\magnet\src\main\scala\kuplrg\Implementation.scala. Using presentation compiler with project's scala-library version: 3.3.4
2024.11.17 22:17:15 INFO  no build target found for C:\Users\user\OneDrive\πŸ≈¡ »≠∏È\scala\magnet\src\main\scala\kuplrg\Implementation.scala. Using presentation compiler with project's scala-library version: 3.3.4
2024.11.17 22:17:41 INFO  no build target found for C:\Users\user\OneDrive\πŸ≈¡ »≠∏È\scala\magnet\src\main\scala\kuplrg\Implementation.scala. Using presentation compiler with project's scala-library version: 3.3.4
2024.11.17 22:17:47 INFO  no build target found for C:\Users\user\OneDrive\πŸ≈¡ »≠∏È\scala\magnet\src\main\scala\kuplrg\Implementation.scala. Using presentation compiler with project's scala-library version: 3.3.4
Exception in thread "pool-29-thread-1" java.lang.InterruptedException
	at scala.meta.internal.metals.FutureCancelToken.checkCanceled(FutureCancelToken.scala:29)
	at scala.meta.internal.pc.CompilerAccess.onCompilerJobQueue$$anonfun$1(CompilerAccess.scala:244)
	at scala.meta.internal.pc.CompilerJobQueue$Job.run(CompilerJobQueue.scala:153)
	at java.base/java.util.concurrent.ThreadPoolExecutor.runWorker(ThreadPoolExecutor.java:1136)
	at java.base/java.util.concurrent.ThreadPoolExecutor$Worker.run(ThreadPoolExecutor.java:635)
	at java.base/java.lang.Thread.run(Thread.java:833)
2024.11.17 22:17:47 INFO  no build target found for C:\Users\user\OneDrive\πŸ≈¡ »≠∏È\scala\magnet\src\main\scala\kuplrg\Implementation.scala. Using presentation compiler with project's scala-library version: 3.3.4
2024.11.17 22:17:53 INFO  no build target found for C:\Users\user\OneDrive\πŸ≈¡ »≠∏È\scala\magnet\src\main\scala\kuplrg\Template.scala. Using presentation compiler with project's scala-library version: 3.3.4
2024.11.17 22:17:54 INFO  no build target found for C:\Users\user\OneDrive\πŸ≈¡ »≠∏È\scala\magnet\src\main\scala\kuplrg\Template.scala. Using presentation compiler with project's scala-library version: 3.3.4
2024.11.17 22:17:53 INFO  no build target found for C:\Users\user\OneDrive\πŸ≈¡ »≠∏È\scala\magnet\src\main\scala\kuplrg\Template.scala. Using presentation compiler with project's scala-library version: 3.3.4
2024.11.17 22:17:55 INFO  no build target found for C:\Users\user\OneDrive\πŸ≈¡ »≠∏È\scala\magnet\src\main\scala\kuplrg\Template.scala. Using presentation compiler with project's scala-library version: 3.3.4
2024.11.17 22:17:55 INFO  no build target found for C:\Users\user\OneDrive\πŸ≈¡ »≠∏È\scala\magnet\src\main\scala\kuplrg\Template.scala. Using presentation compiler with project's scala-library version: 3.3.4
2024.11.17 22:17:55 INFO  no build target found for C:\Users\user\OneDrive\πŸ≈¡ »≠∏È\scala\magnet\src\main\scala\kuplrg\Template.scala. Using presentation compiler with project's scala-library version: 3.3.4
2024.11.17 22:17:55 INFO  no build target found for C:\Users\user\OneDrive\πŸ≈¡ »≠∏È\scala\magnet\src\main\scala\kuplrg\Template.scala. Using presentation compiler with project's scala-library version: 3.3.4
2024.11.17 22:17:56 INFO  no build target found for C:\Users\user\OneDrive\πŸ≈¡ »≠∏È\scala\magnet\src\main\scala\kuplrg\Template.scala. Using presentation compiler with project's scala-library version: 3.3.4
2024.11.17 22:17:56 INFO  no build target found for C:\Users\user\OneDrive\πŸ≈¡ »≠∏È\scala\magnet\src\main\scala\kuplrg\Template.scala. Using presentation compiler with project's scala-library version: 3.3.4
2024.11.17 22:17:57 INFO  no build target found for C:\Users\user\OneDrive\πŸ≈¡ »≠∏È\scala\magnet\src\main\scala\kuplrg\Template.scala. Using presentation compiler with project's scala-library version: 3.3.4
2024.11.17 22:17:57 INFO  no build target found for C:\Users\user\OneDrive\πŸ≈¡ »≠∏È\scala\magnet\src\main\scala\kuplrg\Template.scala. Using presentation compiler with project's scala-library version: 3.3.4
2024.11.17 22:17:57 INFO  no build target found for C:\Users\user\OneDrive\πŸ≈¡ »≠∏È\scala\magnet\src\main\scala\kuplrg\Template.scala. Using presentation compiler with project's scala-library version: 3.3.4
2024.11.17 22:17:57 INFO  no build target found for C:\Users\user\OneDrive\πŸ≈¡ »≠∏È\scala\magnet\src\main\scala\kuplrg\Template.scala. Using presentation compiler with project's scala-library version: 3.3.4
2024.11.17 22:17:59 INFO  no build target found for C:\Users\user\OneDrive\πŸ≈¡ »≠∏È\scala\magnet\src\main\scala\kuplrg\Template.scala. Using presentation compiler with project's scala-library version: 3.3.4
2024.11.17 22:18:38 INFO  no build target found for C:\Users\user\OneDrive\πŸ≈¡ »≠∏È\scala\magnet\src\main\scala\kuplrg\Implementation.scala. Using presentation compiler with project's scala-library version: 3.3.4
2024.11.17 22:18:38 INFO  no build target found for C:\Users\user\OneDrive\πŸ≈¡ »≠∏È\scala\magnet\src\main\scala\kuplrg\Implementation.scala. Using presentation compiler with project's scala-library version: 3.3.4
2024.11.17 22:18:38 INFO  no build target found for C:\Users\user\OneDrive\πŸ≈¡ »≠∏È\scala\magnet\src\main\scala\kuplrg\Implementation.scala. Using presentation compiler with project's scala-library version: 3.3.4
2024.11.17 22:18:39 INFO  no build target found for C:\Users\user\OneDrive\πŸ≈¡ »≠∏È\scala\magnet\src\main\scala\kuplrg\Implementation.scala. Using presentation compiler with project's scala-library version: 3.3.4
2024.11.17 22:18:39 INFO  no build target found for C:\Users\user\OneDrive\πŸ≈¡ »≠∏È\scala\magnet\src\main\scala\kuplrg\Implementation.scala. Using presentation compiler with project's scala-library version: 3.3.4
2024.11.17 22:18:39 INFO  no build target found for C:\Users\user\OneDrive\πŸ≈¡ »≠∏È\scala\magnet\src\main\scala\kuplrg\Implementation.scala. Using presentation compiler with project's scala-library version: 3.3.4
2024.11.17 22:18:39 INFO  no build target found for C:\Users\user\OneDrive\πŸ≈¡ »≠∏È\scala\magnet\src\main\scala\kuplrg\Implementation.scala. Using presentation compiler with project's scala-library version: 3.3.4
2024.11.17 22:18:39 INFO  no build target found for C:\Users\user\OneDrive\πŸ≈¡ »≠∏È\scala\magnet\src\main\scala\kuplrg\Implementation.scala. Using presentation compiler with project's scala-library version: 3.3.4
2024.11.17 22:18:40 INFO  no build target found for C:\Users\user\OneDrive\πŸ≈¡ »≠∏È\scala\magnet\src\main\scala\kuplrg\Implementation.scala. Using presentation compiler with project's scala-library version: 3.3.4
2024.11.17 22:18:40 INFO  no build target found for C:\Users\user\OneDrive\πŸ≈¡ »≠∏È\scala\magnet\src\main\scala\kuplrg\Implementation.scala. Using presentation compiler with project's scala-library version: 3.3.4
2024.11.17 22:18:41 INFO  no build target found for C:\Users\user\OneDrive\πŸ≈¡ »≠∏È\scala\magnet\src\main\scala\kuplrg\Implementation.scala. Using presentation compiler with project's scala-library version: 3.3.4
2024.11.17 22:18:42 INFO  no build target found for C:\Users\user\OneDrive\πŸ≈¡ »≠∏È\scala\magnet\src\main\scala\kuplrg\Implementation.scala. Using presentation compiler with project's scala-library version: 3.3.4
2024.11.17 22:18:42 INFO  no build target found for C:\Users\user\OneDrive\πŸ≈¡ »≠∏È\scala\magnet\src\main\scala\kuplrg\Implementation.scala. Using presentation compiler with project's scala-library version: 3.3.4
2024.11.17 22:18:51 INFO  no build target found for C:\Users\user\OneDrive\πŸ≈¡ »≠∏È\scala\magnet\src\test\scala\kuplrg\Spec.scala. Using presentation compiler with project's scala-library version: 3.3.4
2024.11.17 22:18:52 INFO  no build target found for C:\Users\user\OneDrive\πŸ≈¡ »≠∏È\scala\magnet\src\test\scala\kuplrg\Spec.scala. Using presentation compiler with project's scala-library version: 3.3.4
11ø˘ 17, 2024 10:18:52 ø¿»ƒ org.eclipse.lsp4j.jsonrpc.RemoteEndpoint handleCancellation
∞Ê∞Ì: Unmatched cancel notification for request id 250
2024.11.17 22:18:52 INFO  no build target found for C:\Users\user\OneDrive\πŸ≈¡ »≠∏È\scala\magnet\src\test\scala\kuplrg\Spec.scala. Using presentation compiler with project's scala-library version: 3.3.4
2024.11.17 22:18:54 INFO  no build target found for C:\Users\user\OneDrive\πŸ≈¡ »≠∏È\scala\magnet\src\test\scala\kuplrg\Spec.scala. Using presentation compiler with project's scala-library version: 3.3.4
2024.11.17 22:18:54 INFO  no build target found for C:\Users\user\OneDrive\πŸ≈¡ »≠∏È\scala\magnet\src\test\scala\kuplrg\Spec.scala. Using presentation compiler with project's scala-library version: 3.3.4
2024.11.17 22:18:57 INFO  no build target found for C:\Users\user\OneDrive\πŸ≈¡ »≠∏È\scala\magnet\src\test\scala\kuplrg\Spec.scala. Using presentation compiler with project's scala-library version: 3.3.4
2024.11.17 22:19:49 INFO  no build target found for C:\Users\user\OneDrive\πŸ≈¡ »≠∏È\scala\magnet\src\main\scala\kuplrg\Implementation.scala. Using presentation compiler with project's scala-library version: 3.3.4
11ø˘ 17, 2024 10:19:49 ø¿»ƒ org.eclipse.lsp4j.jsonrpc.RemoteEndpoint handleCancellation
∞Ê∞Ì: Unmatched cancel notification for request id 272
2024.11.17 22:19:49 INFO  no build target found for C:\Users\user\OneDrive\πŸ≈¡ »≠∏È\scala\magnet\src\main\scala\kuplrg\Implementation.scala. Using presentation compiler with project's scala-library version: 3.3.4
2024.11.17 22:19:50 INFO  no build target found for C:\Users\user\OneDrive\πŸ≈¡ »≠∏È\scala\magnet\src\main\scala\kuplrg\Implementation.scala. Using presentation compiler with project's scala-library version: 3.3.4
2024.11.17 22:21:05 INFO  no build target found for C:\Users\user\OneDrive\πŸ≈¡ »≠∏È\scala\magnet\src\main\scala\kuplrg\Implementation.scala. Using presentation compiler with project's scala-library version: 3.3.4
